  Source.cpp
C:\Users\asilo\OneDrive\Masaüstü\Coding\Semester-2\Ctis-164\Specials\TankvsHelicopter\Source.cpp(70,28): warning C4244: '=': conversion from 'double' to 'float', possible loss of data
C:\Users\asilo\OneDrive\Masaüstü\Coding\Semester-2\Ctis-164\Specials\TankvsHelicopter\Source.cpp(71,42): warning C4244: 'argument': conversion from 'double' to 'GLfloat', possible loss of data
C:\Users\asilo\OneDrive\Masaüstü\Coding\Semester-2\Ctis-164\Specials\TankvsHelicopter\Source.cpp(71,22): warning C4244: 'argument': conversion from 'double' to 'GLfloat', possible loss of data
C:\Users\asilo\OneDrive\Masaüstü\Coding\Semester-2\Ctis-164\Specials\TankvsHelicopter\Source.cpp(84,28): warning C4244: '=': conversion from 'double' to 'float', possible loss of data
C:\Users\asilo\OneDrive\Masaüstü\Coding\Semester-2\Ctis-164\Specials\TankvsHelicopter\Source.cpp(85,42): warning C4244: 'argument': conversion from 'double' to 'GLfloat', possible loss of data
C:\Users\asilo\OneDrive\Masaüstü\Coding\Semester-2\Ctis-164\Specials\TankvsHelicopter\Source.cpp(85,22): warning C4244: 'argument': conversion from 'double' to 'GLfloat', possible loss of data
C:\Users\asilo\OneDrive\Masaüstü\Coding\Semester-2\Ctis-164\Specials\TankvsHelicopter\Source.cpp(99,22): warning C4244: 'argument': conversion from 'int' to 'GLfloat', possible loss of data
C:\Users\asilo\OneDrive\Masaüstü\Coding\Semester-2\Ctis-164\Specials\TankvsHelicopter\Source.cpp(99,19): warning C4244: 'argument': conversion from 'int' to 'GLfloat', possible loss of data
C:\Users\asilo\OneDrive\Masaüstü\Coding\Semester-2\Ctis-164\Specials\TankvsHelicopter\Source.cpp(115,21): warning C4244: 'argument': conversion from 'int' to 'GLfloat', possible loss of data
C:\Users\asilo\OneDrive\Masaüstü\Coding\Semester-2\Ctis-164\Specials\TankvsHelicopter\Source.cpp(115,18): warning C4244: 'argument': conversion from 'int' to 'GLfloat', possible loss of data
C:\Users\asilo\OneDrive\Masaüstü\Coding\Semester-2\Ctis-164\Specials\TankvsHelicopter\Source.cpp(140,38): warning C4244: 'argument': conversion from 'int' to 'GLfloat', possible loss of data
C:\Users\asilo\OneDrive\Masaüstü\Coding\Semester-2\Ctis-164\Specials\TankvsHelicopter\Source.cpp(140,29): warning C4244: 'argument': conversion from 'int' to 'GLfloat', possible loss of data
C:\Users\asilo\OneDrive\Masaüstü\Coding\Semester-2\Ctis-164\Specials\TankvsHelicopter\Source.cpp(141,38): warning C4244: 'argument': conversion from 'int' to 'GLfloat', possible loss of data
C:\Users\asilo\OneDrive\Masaüstü\Coding\Semester-2\Ctis-164\Specials\TankvsHelicopter\Source.cpp(141,29): warning C4244: 'argument': conversion from 'int' to 'GLfloat', possible loss of data
C:\Users\asilo\OneDrive\Masaüstü\Coding\Semester-2\Ctis-164\Specials\TankvsHelicopter\Source.cpp(142,38): warning C4244: 'argument': conversion from 'int' to 'GLfloat', possible loss of data
C:\Users\asilo\OneDrive\Masaüstü\Coding\Semester-2\Ctis-164\Specials\TankvsHelicopter\Source.cpp(142,29): warning C4244: 'argument': conversion from 'int' to 'GLfloat', possible loss of data
C:\Users\asilo\OneDrive\Masaüstü\Coding\Semester-2\Ctis-164\Specials\TankvsHelicopter\Source.cpp(143,38): warning C4244: 'argument': conversion from 'int' to 'GLfloat', possible loss of data
C:\Users\asilo\OneDrive\Masaüstü\Coding\Semester-2\Ctis-164\Specials\TankvsHelicopter\Source.cpp(143,29): warning C4244: 'argument': conversion from 'int' to 'GLfloat', possible loss of data
C:\Users\asilo\OneDrive\Masaüstü\Coding\Semester-2\Ctis-164\Specials\TankvsHelicopter\Source.cpp(176,46): warning C4244: 'argument': conversion from 'int' to 'GLfloat', possible loss of data
C:\Users\asilo\OneDrive\Masaüstü\Coding\Semester-2\Ctis-164\Specials\TankvsHelicopter\Source.cpp(176,38): warning C4244: 'argument': conversion from 'int' to 'GLfloat', possible loss of data
C:\Users\asilo\OneDrive\Masaüstü\Coding\Semester-2\Ctis-164\Specials\TankvsHelicopter\Source.cpp(176,30): warning C4244: 'argument': conversion from 'int' to 'GLfloat', possible loss of data
C:\Users\asilo\OneDrive\Masaüstü\Coding\Semester-2\Ctis-164\Specials\TankvsHelicopter\Source.cpp(176,23): warning C4244: 'argument': conversion from 'int' to 'GLfloat', possible loss of data
C:\Users\asilo\OneDrive\Masaüstü\Coding\Semester-2\Ctis-164\Specials\TankvsHelicopter\Source.cpp(190,39): warning C4244: 'argument': conversion from 'int' to 'GLfloat', possible loss of data
C:\Users\asilo\OneDrive\Masaüstü\Coding\Semester-2\Ctis-164\Specials\TankvsHelicopter\Source.cpp(190,25): warning C4244: 'argument': conversion from 'int' to 'GLfloat', possible loss of data
C:\Users\asilo\OneDrive\Masaüstü\Coding\Semester-2\Ctis-164\Specials\TankvsHelicopter\Source.cpp(206,55): warning C4244: 'argument': conversion from 'int' to 'GLfloat', possible loss of data
C:\Users\asilo\OneDrive\Masaüstü\Coding\Semester-2\Ctis-164\Specials\TankvsHelicopter\Source.cpp(206,46): warning C4244: 'argument': conversion from 'int' to 'GLfloat', possible loss of data
C:\Users\asilo\OneDrive\Masaüstü\Coding\Semester-2\Ctis-164\Specials\TankvsHelicopter\Source.cpp(206,36): warning C4244: 'argument': conversion from 'int' to 'GLfloat', possible loss of data
C:\Users\asilo\OneDrive\Masaüstü\Coding\Semester-2\Ctis-164\Specials\TankvsHelicopter\Source.cpp(206,26): warning C4244: 'argument': conversion from 'int' to 'GLfloat', possible loss of data
C:\Users\asilo\OneDrive\Masaüstü\Coding\Semester-2\Ctis-164\Specials\TankvsHelicopter\Source.cpp(222,51): warning C4244: 'argument': conversion from 'int' to 'GLfloat', possible loss of data
C:\Users\asilo\OneDrive\Masaüstü\Coding\Semester-2\Ctis-164\Specials\TankvsHelicopter\Source.cpp(222,42): warning C4244: 'argument': conversion from 'int' to 'GLfloat', possible loss of data
C:\Users\asilo\OneDrive\Masaüstü\Coding\Semester-2\Ctis-164\Specials\TankvsHelicopter\Source.cpp(222,34): warning C4244: 'argument': conversion from 'int' to 'GLfloat', possible loss of data
C:\Users\asilo\OneDrive\Masaüstü\Coding\Semester-2\Ctis-164\Specials\TankvsHelicopter\Source.cpp(222,24): warning C4244: 'argument': conversion from 'int' to 'GLfloat', possible loss of data
C:\Users\asilo\OneDrive\Masaüstü\Coding\Semester-2\Ctis-164\Specials\TankvsHelicopter\Source.cpp(250,41): warning C4244: 'argument': conversion from 'int' to 'GLfloat', possible loss of data
C:\Users\asilo\OneDrive\Masaüstü\Coding\Semester-2\Ctis-164\Specials\TankvsHelicopter\Source.cpp(250,22): warning C4244: 'argument': conversion from 'int' to 'GLfloat', possible loss of data
C:\Users\asilo\OneDrive\Masaüstü\Coding\Semester-2\Ctis-164\Specials\TankvsHelicopter\Source.cpp(269,38): warning C4244: 'argument': conversion from 'int' to 'GLfloat', possible loss of data
C:\Users\asilo\OneDrive\Masaüstü\Coding\Semester-2\Ctis-164\Specials\TankvsHelicopter\Source.cpp(269,22): warning C4244: 'argument': conversion from 'int' to 'GLfloat', possible loss of data
C:\Users\asilo\OneDrive\Masaüstü\Coding\Semester-2\Ctis-164\Specials\TankvsHelicopter\Source.cpp(371,34): warning C4244: 'argument': conversion from 'int' to 'GLfloat', possible loss of data
C:\Users\asilo\OneDrive\Masaüstü\Coding\Semester-2\Ctis-164\Specials\TankvsHelicopter\Source.cpp(371,18): warning C4244: 'argument': conversion from 'int' to 'GLfloat', possible loss of data
C:\Users\asilo\OneDrive\Masaüstü\Coding\Semester-2\Ctis-164\Specials\TankvsHelicopter\Source.cpp(374,34): warning C4244: 'argument': conversion from 'int' to 'GLfloat', possible loss of data
C:\Users\asilo\OneDrive\Masaüstü\Coding\Semester-2\Ctis-164\Specials\TankvsHelicopter\Source.cpp(374,18): warning C4244: 'argument': conversion from 'int' to 'GLfloat', possible loss of data
C:\Users\asilo\OneDrive\Masaüstü\Coding\Semester-2\Ctis-164\Specials\TankvsHelicopter\Source.cpp(377,34): warning C4244: 'argument': conversion from 'int' to 'GLfloat', possible loss of data
C:\Users\asilo\OneDrive\Masaüstü\Coding\Semester-2\Ctis-164\Specials\TankvsHelicopter\Source.cpp(377,18): warning C4244: 'argument': conversion from 'int' to 'GLfloat', possible loss of data
C:\Users\asilo\OneDrive\Masaüstü\Coding\Semester-2\Ctis-164\Specials\TankvsHelicopter\Source.cpp(380,34): warning C4244: 'argument': conversion from 'int' to 'GLfloat', possible loss of data
C:\Users\asilo\OneDrive\Masaüstü\Coding\Semester-2\Ctis-164\Specials\TankvsHelicopter\Source.cpp(380,18): warning C4244: 'argument': conversion from 'int' to 'GLfloat', possible loss of data
C:\Users\asilo\OneDrive\Masaüstü\Coding\Semester-2\Ctis-164\Specials\TankvsHelicopter\Source.cpp(368,12): warning C4101: 'p': unreferenced local variable
C:\Users\asilo\OneDrive\Masaüstü\Coding\Semester-2\Ctis-164\Specials\TankvsHelicopter\Source.cpp(407,28): warning C4244: 'argument': conversion from 'double' to 'GLfloat', possible loss of data
C:\Users\asilo\OneDrive\Masaüstü\Coding\Semester-2\Ctis-164\Specials\TankvsHelicopter\Source.cpp(419,41): warning C4244: 'argument': conversion from 'int' to 'GLfloat', possible loss of data
C:\Users\asilo\OneDrive\Masaüstü\Coding\Semester-2\Ctis-164\Specials\TankvsHelicopter\Source.cpp(419,33): warning C4244: 'argument': conversion from 'int' to 'GLfloat', possible loss of data
C:\Users\asilo\OneDrive\Masaüstü\Coding\Semester-2\Ctis-164\Specials\TankvsHelicopter\Source.cpp(419,24): warning C4244: 'argument': conversion from 'int' to 'GLfloat', possible loss of data
C:\Users\asilo\OneDrive\Masaüstü\Coding\Semester-2\Ctis-164\Specials\TankvsHelicopter\Source.cpp(419,16): warning C4244: 'argument': conversion from 'int' to 'GLfloat', possible loss of data
C:\Users\asilo\OneDrive\Masaüstü\Coding\Semester-2\Ctis-164\Specials\TankvsHelicopter\Source.cpp(423,28): warning C4244: 'argument': conversion from 'int' to 'GLfloat', possible loss of data
C:\Users\asilo\OneDrive\Masaüstü\Coding\Semester-2\Ctis-164\Specials\TankvsHelicopter\Source.cpp(423,20): warning C4244: 'argument': conversion from 'int' to 'GLfloat', possible loss of data
C:\Users\asilo\OneDrive\Masaüstü\Coding\Semester-2\Ctis-164\Specials\TankvsHelicopter\Source.cpp(424,28): warning C4244: 'argument': conversion from 'int' to 'GLfloat', possible loss of data
C:\Users\asilo\OneDrive\Masaüstü\Coding\Semester-2\Ctis-164\Specials\TankvsHelicopter\Source.cpp(424,20): warning C4244: 'argument': conversion from 'int' to 'GLfloat', possible loss of data
C:\Users\asilo\OneDrive\Masaüstü\Coding\Semester-2\Ctis-164\Specials\TankvsHelicopter\Source.cpp(425,28): warning C4244: 'argument': conversion from 'int' to 'GLfloat', possible loss of data
C:\Users\asilo\OneDrive\Masaüstü\Coding\Semester-2\Ctis-164\Specials\TankvsHelicopter\Source.cpp(425,20): warning C4244: 'argument': conversion from 'int' to 'GLfloat', possible loss of data
C:\Users\asilo\OneDrive\Masaüstü\Coding\Semester-2\Ctis-164\Specials\TankvsHelicopter\Source.cpp(426,28): warning C4244: 'argument': conversion from 'int' to 'GLfloat', possible loss of data
C:\Users\asilo\OneDrive\Masaüstü\Coding\Semester-2\Ctis-164\Specials\TankvsHelicopter\Source.cpp(426,20): warning C4244: 'argument': conversion from 'int' to 'GLfloat', possible loss of data
C:\Users\asilo\OneDrive\Masaüstü\Coding\Semester-2\Ctis-164\Specials\TankvsHelicopter\Source.cpp(431,28): warning C4244: 'argument': conversion from 'int' to 'GLfloat', possible loss of data
C:\Users\asilo\OneDrive\Masaüstü\Coding\Semester-2\Ctis-164\Specials\TankvsHelicopter\Source.cpp(431,20): warning C4244: 'argument': conversion from 'int' to 'GLfloat', possible loss of data
C:\Users\asilo\OneDrive\Masaüstü\Coding\Semester-2\Ctis-164\Specials\TankvsHelicopter\Source.cpp(432,28): warning C4244: 'argument': conversion from 'int' to 'GLfloat', possible loss of data
C:\Users\asilo\OneDrive\Masaüstü\Coding\Semester-2\Ctis-164\Specials\TankvsHelicopter\Source.cpp(432,20): warning C4244: 'argument': conversion from 'int' to 'GLfloat', possible loss of data
C:\Users\asilo\OneDrive\Masaüstü\Coding\Semester-2\Ctis-164\Specials\TankvsHelicopter\Source.cpp(433,28): warning C4244: 'argument': conversion from 'int' to 'GLfloat', possible loss of data
C:\Users\asilo\OneDrive\Masaüstü\Coding\Semester-2\Ctis-164\Specials\TankvsHelicopter\Source.cpp(433,20): warning C4244: 'argument': conversion from 'int' to 'GLfloat', possible loss of data
C:\Users\asilo\OneDrive\Masaüstü\Coding\Semester-2\Ctis-164\Specials\TankvsHelicopter\Source.cpp(434,28): warning C4244: 'argument': conversion from 'int' to 'GLfloat', possible loss of data
C:\Users\asilo\OneDrive\Masaüstü\Coding\Semester-2\Ctis-164\Specials\TankvsHelicopter\Source.cpp(434,20): warning C4244: 'argument': conversion from 'int' to 'GLfloat', possible loss of data
C:\Users\asilo\OneDrive\Masaüstü\Coding\Semester-2\Ctis-164\Specials\TankvsHelicopter\Source.cpp(439,25): warning C4244: 'argument': conversion from 'int' to 'GLfloat', possible loss of data
C:\Users\asilo\OneDrive\Masaüstü\Coding\Semester-2\Ctis-164\Specials\TankvsHelicopter\Source.cpp(439,18): warning C4244: 'argument': conversion from 'int' to 'GLfloat', possible loss of data
C:\Users\asilo\OneDrive\Masaüstü\Coding\Semester-2\Ctis-164\Specials\TankvsHelicopter\Source.cpp(440,26): warning C4244: 'argument': conversion from 'int' to 'GLfloat', possible loss of data
C:\Users\asilo\OneDrive\Masaüstü\Coding\Semester-2\Ctis-164\Specials\TankvsHelicopter\Source.cpp(440,19): warning C4244: 'argument': conversion from 'int' to 'GLfloat', possible loss of data
C:\Users\asilo\OneDrive\Masaüstü\Coding\Semester-2\Ctis-164\Specials\TankvsHelicopter\Source.cpp(441,28): warning C4244: 'argument': conversion from 'int' to 'GLfloat', possible loss of data
C:\Users\asilo\OneDrive\Masaüstü\Coding\Semester-2\Ctis-164\Specials\TankvsHelicopter\Source.cpp(441,20): warning C4244: 'argument': conversion from 'int' to 'GLfloat', possible loss of data
C:\Users\asilo\OneDrive\Masaüstü\Coding\Semester-2\Ctis-164\Specials\TankvsHelicopter\Source.cpp(442,27): warning C4244: 'argument': conversion from 'int' to 'GLfloat', possible loss of data
C:\Users\asilo\OneDrive\Masaüstü\Coding\Semester-2\Ctis-164\Specials\TankvsHelicopter\Source.cpp(442,19): warning C4244: 'argument': conversion from 'int' to 'GLfloat', possible loss of data
C:\Users\asilo\OneDrive\Masaüstü\Coding\Semester-2\Ctis-164\Specials\TankvsHelicopter\Source.cpp(446,40): warning C4244: 'argument': conversion from 'int' to 'GLfloat', possible loss of data
C:\Users\asilo\OneDrive\Masaüstü\Coding\Semester-2\Ctis-164\Specials\TankvsHelicopter\Source.cpp(446,32): warning C4244: 'argument': conversion from 'int' to 'GLfloat', possible loss of data
C:\Users\asilo\OneDrive\Masaüstü\Coding\Semester-2\Ctis-164\Specials\TankvsHelicopter\Source.cpp(446,24): warning C4244: 'argument': conversion from 'int' to 'GLfloat', possible loss of data
C:\Users\asilo\OneDrive\Masaüstü\Coding\Semester-2\Ctis-164\Specials\TankvsHelicopter\Source.cpp(446,16): warning C4244: 'argument': conversion from 'int' to 'GLfloat', possible loss of data
C:\Users\asilo\OneDrive\Masaüstü\Coding\Semester-2\Ctis-164\Specials\TankvsHelicopter\Source.cpp(449,41): warning C4244: 'argument': conversion from 'int' to 'GLfloat', possible loss of data
C:\Users\asilo\OneDrive\Masaüstü\Coding\Semester-2\Ctis-164\Specials\TankvsHelicopter\Source.cpp(449,33): warning C4244: 'argument': conversion from 'int' to 'GLfloat', possible loss of data
C:\Users\asilo\OneDrive\Masaüstü\Coding\Semester-2\Ctis-164\Specials\TankvsHelicopter\Source.cpp(449,24): warning C4244: 'argument': conversion from 'int' to 'GLfloat', possible loss of data
C:\Users\asilo\OneDrive\Masaüstü\Coding\Semester-2\Ctis-164\Specials\TankvsHelicopter\Source.cpp(449,16): warning C4244: 'argument': conversion from 'int' to 'GLfloat', possible loss of data
C:\Users\asilo\OneDrive\Masaüstü\Coding\Semester-2\Ctis-164\Specials\TankvsHelicopter\Source.cpp(456,27): warning C4244: 'argument': conversion from 'int' to 'GLfloat', possible loss of data
C:\Users\asilo\OneDrive\Masaüstü\Coding\Semester-2\Ctis-164\Specials\TankvsHelicopter\Source.cpp(456,19): warning C4244: 'argument': conversion from 'int' to 'GLfloat', possible loss of data
C:\Users\asilo\OneDrive\Masaüstü\Coding\Semester-2\Ctis-164\Specials\TankvsHelicopter\Source.cpp(457,27): warning C4244: 'argument': conversion from 'int' to 'GLfloat', possible loss of data
C:\Users\asilo\OneDrive\Masaüstü\Coding\Semester-2\Ctis-164\Specials\TankvsHelicopter\Source.cpp(457,19): warning C4244: 'argument': conversion from 'int' to 'GLfloat', possible loss of data
C:\Users\asilo\OneDrive\Masaüstü\Coding\Semester-2\Ctis-164\Specials\TankvsHelicopter\Source.cpp(458,27): warning C4244: 'argument': conversion from 'int' to 'GLfloat', possible loss of data
C:\Users\asilo\OneDrive\Masaüstü\Coding\Semester-2\Ctis-164\Specials\TankvsHelicopter\Source.cpp(458,19): warning C4244: 'argument': conversion from 'int' to 'GLfloat', possible loss of data
C:\Users\asilo\OneDrive\Masaüstü\Coding\Semester-2\Ctis-164\Specials\TankvsHelicopter\Source.cpp(459,27): warning C4244: 'argument': conversion from 'int' to 'GLfloat', possible loss of data
C:\Users\asilo\OneDrive\Masaüstü\Coding\Semester-2\Ctis-164\Specials\TankvsHelicopter\Source.cpp(459,19): warning C4244: 'argument': conversion from 'int' to 'GLfloat', possible loss of data
C:\Users\asilo\OneDrive\Masaüstü\Coding\Semester-2\Ctis-164\Specials\TankvsHelicopter\Source.cpp(460,27): warning C4244: 'argument': conversion from 'int' to 'GLfloat', possible loss of data
C:\Users\asilo\OneDrive\Masaüstü\Coding\Semester-2\Ctis-164\Specials\TankvsHelicopter\Source.cpp(460,19): warning C4244: 'argument': conversion from 'int' to 'GLfloat', possible loss of data
C:\Users\asilo\OneDrive\Masaüstü\Coding\Semester-2\Ctis-164\Specials\TankvsHelicopter\Source.cpp(461,26): warning C4244: 'argument': conversion from 'int' to 'GLfloat', possible loss of data
C:\Users\asilo\OneDrive\Masaüstü\Coding\Semester-2\Ctis-164\Specials\TankvsHelicopter\Source.cpp(461,18): warning C4244: 'argument': conversion from 'int' to 'GLfloat', possible loss of data
C:\Users\asilo\OneDrive\Masaüstü\Coding\Semester-2\Ctis-164\Specials\TankvsHelicopter\Source.cpp(466,40): warning C4244: 'argument': conversion from 'int' to 'GLfloat', possible loss of data
C:\Users\asilo\OneDrive\Masaüstü\Coding\Semester-2\Ctis-164\Specials\TankvsHelicopter\Source.cpp(466,32): warning C4244: 'argument': conversion from 'int' to 'GLfloat', possible loss of data
C:\Users\asilo\OneDrive\Masaüstü\Coding\Semester-2\Ctis-164\Specials\TankvsHelicopter\Source.cpp(466,24): warning C4244: 'argument': conversion from 'int' to 'GLfloat', possible loss of data
C:\Users\asilo\OneDrive\Masaüstü\Coding\Semester-2\Ctis-164\Specials\TankvsHelicopter\Source.cpp(466,16): warning C4244: 'argument': conversion from 'int' to 'GLfloat', possible loss of data
C:\Users\asilo\OneDrive\Masaüstü\Coding\Semester-2\Ctis-164\Specials\TankvsHelicopter\Source.cpp(471,27): warning C4244: 'argument': conversion from 'int' to 'GLfloat', possible loss of data
C:\Users\asilo\OneDrive\Masaüstü\Coding\Semester-2\Ctis-164\Specials\TankvsHelicopter\Source.cpp(471,19): warning C4244: 'argument': conversion from 'int' to 'GLfloat', possible loss of data
C:\Users\asilo\OneDrive\Masaüstü\Coding\Semester-2\Ctis-164\Specials\TankvsHelicopter\Source.cpp(472,27): warning C4244: 'argument': conversion from 'int' to 'GLfloat', possible loss of data
C:\Users\asilo\OneDrive\Masaüstü\Coding\Semester-2\Ctis-164\Specials\TankvsHelicopter\Source.cpp(472,19): warning C4244: 'argument': conversion from 'int' to 'GLfloat', possible loss of data
C:\Users\asilo\OneDrive\Masaüstü\Coding\Semester-2\Ctis-164\Specials\TankvsHelicopter\Source.cpp(473,27): warning C4244: 'argument': conversion from 'int' to 'GLfloat', possible loss of data
C:\Users\asilo\OneDrive\Masaüstü\Coding\Semester-2\Ctis-164\Specials\TankvsHelicopter\Source.cpp(473,19): warning C4244: 'argument': conversion from 'int' to 'GLfloat', possible loss of data
C:\Users\asilo\OneDrive\Masaüstü\Coding\Semester-2\Ctis-164\Specials\TankvsHelicopter\Source.cpp(474,27): warning C4244: 'argument': conversion from 'int' to 'GLfloat', possible loss of data
C:\Users\asilo\OneDrive\Masaüstü\Coding\Semester-2\Ctis-164\Specials\TankvsHelicopter\Source.cpp(474,19): warning C4244: 'argument': conversion from 'int' to 'GLfloat', possible loss of data
C:\Users\asilo\OneDrive\Masaüstü\Coding\Semester-2\Ctis-164\Specials\TankvsHelicopter\Source.cpp(480,39): warning C4244: 'argument': conversion from 'int' to 'GLfloat', possible loss of data
C:\Users\asilo\OneDrive\Masaüstü\Coding\Semester-2\Ctis-164\Specials\TankvsHelicopter\Source.cpp(480,31): warning C4244: 'argument': conversion from 'int' to 'GLfloat', possible loss of data
C:\Users\asilo\OneDrive\Masaüstü\Coding\Semester-2\Ctis-164\Specials\TankvsHelicopter\Source.cpp(480,23): warning C4244: 'argument': conversion from 'int' to 'GLfloat', possible loss of data
C:\Users\asilo\OneDrive\Masaüstü\Coding\Semester-2\Ctis-164\Specials\TankvsHelicopter\Source.cpp(480,16): warning C4244: 'argument': conversion from 'int' to 'GLfloat', possible loss of data
C:\Users\asilo\OneDrive\Masaüstü\Coding\Semester-2\Ctis-164\Specials\TankvsHelicopter\Source.cpp(485,28): warning C4244: 'argument': conversion from 'int' to 'GLfloat', possible loss of data
C:\Users\asilo\OneDrive\Masaüstü\Coding\Semester-2\Ctis-164\Specials\TankvsHelicopter\Source.cpp(485,19): warning C4244: 'argument': conversion from 'int' to 'GLfloat', possible loss of data
C:\Users\asilo\OneDrive\Masaüstü\Coding\Semester-2\Ctis-164\Specials\TankvsHelicopter\Source.cpp(486,28): warning C4244: 'argument': conversion from 'int' to 'GLfloat', possible loss of data
C:\Users\asilo\OneDrive\Masaüstü\Coding\Semester-2\Ctis-164\Specials\TankvsHelicopter\Source.cpp(486,19): warning C4244: 'argument': conversion from 'int' to 'GLfloat', possible loss of data
C:\Users\asilo\OneDrive\Masaüstü\Coding\Semester-2\Ctis-164\Specials\TankvsHelicopter\Source.cpp(487,27): warning C4244: 'argument': conversion from 'int' to 'GLfloat', possible loss of data
C:\Users\asilo\OneDrive\Masaüstü\Coding\Semester-2\Ctis-164\Specials\TankvsHelicopter\Source.cpp(487,18): warning C4244: 'argument': conversion from 'int' to 'GLfloat', possible loss of data
C:\Users\asilo\OneDrive\Masaüstü\Coding\Semester-2\Ctis-164\Specials\TankvsHelicopter\Source.cpp(488,27): warning C4244: 'argument': conversion from 'int' to 'GLfloat', possible loss of data
C:\Users\asilo\OneDrive\Masaüstü\Coding\Semester-2\Ctis-164\Specials\TankvsHelicopter\Source.cpp(488,18): warning C4244: 'argument': conversion from 'int' to 'GLfloat', possible loss of data
C:\Users\asilo\OneDrive\Masaüstü\Coding\Semester-2\Ctis-164\Specials\TankvsHelicopter\Source.cpp(492,40): warning C4244: 'argument': conversion from 'int' to 'GLfloat', possible loss of data
C:\Users\asilo\OneDrive\Masaüstü\Coding\Semester-2\Ctis-164\Specials\TankvsHelicopter\Source.cpp(492,31): warning C4244: 'argument': conversion from 'int' to 'GLfloat', possible loss of data
C:\Users\asilo\OneDrive\Masaüstü\Coding\Semester-2\Ctis-164\Specials\TankvsHelicopter\Source.cpp(492,23): warning C4244: 'argument': conversion from 'int' to 'GLfloat', possible loss of data
C:\Users\asilo\OneDrive\Masaüstü\Coding\Semester-2\Ctis-164\Specials\TankvsHelicopter\Source.cpp(492,16): warning C4244: 'argument': conversion from 'int' to 'GLfloat', possible loss of data
C:\Users\asilo\OneDrive\Masaüstü\Coding\Semester-2\Ctis-164\Specials\TankvsHelicopter\Source.cpp(539,38): warning C4244: 'argument': conversion from 'int' to 'GLfloat', possible loss of data
C:\Users\asilo\OneDrive\Masaüstü\Coding\Semester-2\Ctis-164\Specials\TankvsHelicopter\Source.cpp(539,29): warning C4244: 'argument': conversion from 'int' to 'GLfloat', possible loss of data
C:\Users\asilo\OneDrive\Masaüstü\Coding\Semester-2\Ctis-164\Specials\TankvsHelicopter\Source.cpp(540,38): warning C4244: 'argument': conversion from 'int' to 'GLfloat', possible loss of data
C:\Users\asilo\OneDrive\Masaüstü\Coding\Semester-2\Ctis-164\Specials\TankvsHelicopter\Source.cpp(540,29): warning C4244: 'argument': conversion from 'int' to 'GLfloat', possible loss of data
C:\Users\asilo\OneDrive\Masaüstü\Coding\Semester-2\Ctis-164\Specials\TankvsHelicopter\Source.cpp(541,38): warning C4244: 'argument': conversion from 'int' to 'GLfloat', possible loss of data
C:\Users\asilo\OneDrive\Masaüstü\Coding\Semester-2\Ctis-164\Specials\TankvsHelicopter\Source.cpp(541,29): warning C4244: 'argument': conversion from 'int' to 'GLfloat', possible loss of data
C:\Users\asilo\OneDrive\Masaüstü\Coding\Semester-2\Ctis-164\Specials\TankvsHelicopter\Source.cpp(542,38): warning C4244: 'argument': conversion from 'int' to 'GLfloat', possible loss of data
C:\Users\asilo\OneDrive\Masaüstü\Coding\Semester-2\Ctis-164\Specials\TankvsHelicopter\Source.cpp(542,29): warning C4244: 'argument': conversion from 'int' to 'GLfloat', possible loss of data
C:\Users\asilo\OneDrive\Masaüstü\Coding\Semester-2\Ctis-164\Specials\TankvsHelicopter\Source.cpp(551,30): warning C4244: 'argument': conversion from 'int' to 'GLfloat', possible loss of data
C:\Users\asilo\OneDrive\Masaüstü\Coding\Semester-2\Ctis-164\Specials\TankvsHelicopter\Source.cpp(552,30): warning C4244: 'argument': conversion from 'int' to 'GLfloat', possible loss of data
C:\Users\asilo\OneDrive\Masaüstü\Coding\Semester-2\Ctis-164\Specials\TankvsHelicopter\Source.cpp(553,30): warning C4244: 'argument': conversion from 'int' to 'GLfloat', possible loss of data
C:\Users\asilo\OneDrive\Masaüstü\Coding\Semester-2\Ctis-164\Specials\TankvsHelicopter\Source.cpp(580,37): warning C4244: 'argument': conversion from 'int' to 'GLfloat', possible loss of data
C:\Users\asilo\OneDrive\Masaüstü\Coding\Semester-2\Ctis-164\Specials\TankvsHelicopter\Source.cpp(580,28): warning C4244: 'argument': conversion from 'int' to 'GLfloat', possible loss of data
C:\Users\asilo\OneDrive\Masaüstü\Coding\Semester-2\Ctis-164\Specials\TankvsHelicopter\Source.cpp(581,37): warning C4244: 'argument': conversion from 'int' to 'GLfloat', possible loss of data
C:\Users\asilo\OneDrive\Masaüstü\Coding\Semester-2\Ctis-164\Specials\TankvsHelicopter\Source.cpp(581,28): warning C4244: 'argument': conversion from 'int' to 'GLfloat', possible loss of data
C:\Users\asilo\OneDrive\Masaüstü\Coding\Semester-2\Ctis-164\Specials\TankvsHelicopter\Source.cpp(582,37): warning C4244: 'argument': conversion from 'int' to 'GLfloat', possible loss of data
C:\Users\asilo\OneDrive\Masaüstü\Coding\Semester-2\Ctis-164\Specials\TankvsHelicopter\Source.cpp(582,28): warning C4244: 'argument': conversion from 'int' to 'GLfloat', possible loss of data
C:\Users\asilo\OneDrive\Masaüstü\Coding\Semester-2\Ctis-164\Specials\TankvsHelicopter\Source.cpp(583,37): warning C4244: 'argument': conversion from 'int' to 'GLfloat', possible loss of data
C:\Users\asilo\OneDrive\Masaüstü\Coding\Semester-2\Ctis-164\Specials\TankvsHelicopter\Source.cpp(583,28): warning C4244: 'argument': conversion from 'int' to 'GLfloat', possible loss of data
C:\Users\asilo\OneDrive\Masaüstü\Coding\Semester-2\Ctis-164\Specials\TankvsHelicopter\Source.cpp(592,29): warning C4244: 'argument': conversion from 'int' to 'GLfloat', possible loss of data
C:\Users\asilo\OneDrive\Masaüstü\Coding\Semester-2\Ctis-164\Specials\TankvsHelicopter\Source.cpp(593,29): warning C4244: 'argument': conversion from 'int' to 'GLfloat', possible loss of data
C:\Users\asilo\OneDrive\Masaüstü\Coding\Semester-2\Ctis-164\Specials\TankvsHelicopter\Source.cpp(594,29): warning C4244: 'argument': conversion from 'int' to 'GLfloat', possible loss of data
C:\Users\asilo\OneDrive\Masaüstü\Coding\Semester-2\Ctis-164\Specials\TankvsHelicopter\Source.cpp(633,27): warning C4244: 'argument': conversion from 'int' to 'GLfloat', possible loss of data
C:\Users\asilo\OneDrive\Masaüstü\Coding\Semester-2\Ctis-164\Specials\TankvsHelicopter\Source.cpp(633,19): warning C4244: 'argument': conversion from 'int' to 'GLfloat', possible loss of data
C:\Users\asilo\OneDrive\Masaüstü\Coding\Semester-2\Ctis-164\Specials\TankvsHelicopter\Source.cpp(634,26): warning C4244: 'argument': conversion from 'int' to 'GLfloat', possible loss of data
C:\Users\asilo\OneDrive\Masaüstü\Coding\Semester-2\Ctis-164\Specials\TankvsHelicopter\Source.cpp(634,18): warning C4244: 'argument': conversion from 'int' to 'GLfloat', possible loss of data
C:\Users\asilo\OneDrive\Masaüstü\Coding\Semester-2\Ctis-164\Specials\TankvsHelicopter\Source.cpp(635,27): warning C4244: 'argument': conversion from 'int' to 'GLfloat', possible loss of data
C:\Users\asilo\OneDrive\Masaüstü\Coding\Semester-2\Ctis-164\Specials\TankvsHelicopter\Source.cpp(635,19): warning C4244: 'argument': conversion from 'int' to 'GLfloat', possible loss of data
C:\Users\asilo\OneDrive\Masaüstü\Coding\Semester-2\Ctis-164\Specials\TankvsHelicopter\Source.cpp(636,27): warning C4244: 'argument': conversion from 'int' to 'GLfloat', possible loss of data
C:\Users\asilo\OneDrive\Masaüstü\Coding\Semester-2\Ctis-164\Specials\TankvsHelicopter\Source.cpp(636,19): warning C4244: 'argument': conversion from 'int' to 'GLfloat', possible loss of data
C:\Users\asilo\OneDrive\Masaüstü\Coding\Semester-2\Ctis-164\Specials\TankvsHelicopter\Source.cpp(637,28): warning C4244: 'argument': conversion from 'int' to 'GLfloat', possible loss of data
C:\Users\asilo\OneDrive\Masaüstü\Coding\Semester-2\Ctis-164\Specials\TankvsHelicopter\Source.cpp(637,20): warning C4244: 'argument': conversion from 'int' to 'GLfloat', possible loss of data
C:\Users\asilo\OneDrive\Masaüstü\Coding\Semester-2\Ctis-164\Specials\TankvsHelicopter\Source.cpp(638,28): warning C4244: 'argument': conversion from 'int' to 'GLfloat', possible loss of data
C:\Users\asilo\OneDrive\Masaüstü\Coding\Semester-2\Ctis-164\Specials\TankvsHelicopter\Source.cpp(638,20): warning C4244: 'argument': conversion from 'int' to 'GLfloat', possible loss of data
C:\Users\asilo\OneDrive\Masaüstü\Coding\Semester-2\Ctis-164\Specials\TankvsHelicopter\Source.cpp(639,28): warning C4244: 'argument': conversion from 'int' to 'GLfloat', possible loss of data
C:\Users\asilo\OneDrive\Masaüstü\Coding\Semester-2\Ctis-164\Specials\TankvsHelicopter\Source.cpp(639,20): warning C4244: 'argument': conversion from 'int' to 'GLfloat', possible loss of data
C:\Users\asilo\OneDrive\Masaüstü\Coding\Semester-2\Ctis-164\Specials\TankvsHelicopter\Source.cpp(640,29): warning C4244: 'argument': conversion from 'int' to 'GLfloat', possible loss of data
C:\Users\asilo\OneDrive\Masaüstü\Coding\Semester-2\Ctis-164\Specials\TankvsHelicopter\Source.cpp(640,20): warning C4244: 'argument': conversion from 'int' to 'GLfloat', possible loss of data
C:\Users\asilo\OneDrive\Masaüstü\Coding\Semester-2\Ctis-164\Specials\TankvsHelicopter\Source.cpp(641,29): warning C4244: 'argument': conversion from 'int' to 'GLfloat', possible loss of data
C:\Users\asilo\OneDrive\Masaüstü\Coding\Semester-2\Ctis-164\Specials\TankvsHelicopter\Source.cpp(641,20): warning C4244: 'argument': conversion from 'int' to 'GLfloat', possible loss of data
C:\Users\asilo\OneDrive\Masaüstü\Coding\Semester-2\Ctis-164\Specials\TankvsHelicopter\Source.cpp(642,28): warning C4244: 'argument': conversion from 'int' to 'GLfloat', possible loss of data
C:\Users\asilo\OneDrive\Masaüstü\Coding\Semester-2\Ctis-164\Specials\TankvsHelicopter\Source.cpp(642,19): warning C4244: 'argument': conversion from 'int' to 'GLfloat', possible loss of data
C:\Users\asilo\OneDrive\Masaüstü\Coding\Semester-2\Ctis-164\Specials\TankvsHelicopter\Source.cpp(643,27): warning C4244: 'argument': conversion from 'int' to 'GLfloat', possible loss of data
C:\Users\asilo\OneDrive\Masaüstü\Coding\Semester-2\Ctis-164\Specials\TankvsHelicopter\Source.cpp(643,19): warning C4244: 'argument': conversion from 'int' to 'GLfloat', possible loss of data
C:\Users\asilo\OneDrive\Masaüstü\Coding\Semester-2\Ctis-164\Specials\TankvsHelicopter\Source.cpp(644,28): warning C4244: 'argument': conversion from 'int' to 'GLfloat', possible loss of data
C:\Users\asilo\OneDrive\Masaüstü\Coding\Semester-2\Ctis-164\Specials\TankvsHelicopter\Source.cpp(644,19): warning C4244: 'argument': conversion from 'int' to 'GLfloat', possible loss of data
C:\Users\asilo\OneDrive\Masaüstü\Coding\Semester-2\Ctis-164\Specials\TankvsHelicopter\Source.cpp(653,22): warning C4244: 'argument': conversion from 'int' to 'GLfloat', possible loss of data
C:\Users\asilo\OneDrive\Masaüstü\Coding\Semester-2\Ctis-164\Specials\TankvsHelicopter\Source.cpp(653,19): warning C4244: 'argument': conversion from 'int' to 'GLfloat', possible loss of data
C:\Users\asilo\OneDrive\Masaüstü\Coding\Semester-2\Ctis-164\Specials\TankvsHelicopter\Source.cpp(953,33): warning C4244: 'argument': conversion from 'double' to 'float', possible loss of data
C:\Users\asilo\OneDrive\Masaüstü\Coding\Semester-2\Ctis-164\Specials\TankvsHelicopter\Source.cpp(1087,35): warning C4326: return type of 'main' should be 'int' instead of 'void'
  TankvsHelicopter.vcxproj -> C:\Users\asilo\OneDrive\Masaüstü\Coding\Semester-2\Ctis-164\Specials\TankvsHelicopter\Debug\TankvsHelicopter.exe
